Determining if the function sgemm_ exists failed with the following output:
Change Dir: /home/tusharc31/Desktop/CV/SENIOR/3d-reconstruction-from-accidental-motion/ceres-bin/CMakeFiles/CMakeTmp

Run Build Command(s):/usr/bin/make cmTC_9f64a/fast && /usr/bin/make -f CMakeFiles/cmTC_9f64a.dir/build.make CMakeFiles/cmTC_9f64a.dir/build
make[1]: Entering directory '/home/tusharc31/Desktop/CV/SENIOR/3d-reconstruction-from-accidental-motion/ceres-bin/CMakeFiles/CMakeTmp'
Building C object CMakeFiles/cmTC_9f64a.dir/CheckFunctionExists.c.o
/usr/bin/cc   -DCHECK_FUNCTION_EXISTS=sgemm_   -o CMakeFiles/cmTC_9f64a.dir/CheckFunctionExists.c.o   -c /usr/share/cmake-3.16/Modules/CheckFunctionExists.c
Linking C executable cmTC_9f64a
/usr/bin/cmake -E cmake_link_script CMakeFiles/cmTC_9f64a.dir/link.txt --verbose=1
/usr/bin/cc  -DCHECK_FUNCTION_EXISTS=sgemm_    -rdynamic CMakeFiles/cmTC_9f64a.dir/CheckFunctionExists.c.o  -o cmTC_9f64a 
/usr/bin/ld: CMakeFiles/cmTC_9f64a.dir/CheckFunctionExists.c.o: in function `main':
CheckFunctionExists.c:(.text+0x14): undefined reference to `sgemm_'
collect2: error: ld returned 1 exit status
make[1]: *** [CMakeFiles/cmTC_9f64a.dir/build.make:87: cmTC_9f64a] Error 1
make[1]: Leaving directory '/home/tusharc31/Desktop/CV/SENIOR/3d-reconstruction-from-accidental-motion/ceres-bin/CMakeFiles/CMakeTmp'
make: *** [Makefile:121: cmTC_9f64a/fast] Error 2



Performing C SOURCE FILE Test CMAKE_HAVE_LIBC_PTHREAD failed with the following output:
Change Dir: /home/tusharc31/Desktop/CV/SENIOR/3d-reconstruction-from-accidental-motion/ceres-bin/CMakeFiles/CMakeTmp

Run Build Command(s):/usr/bin/make cmTC_efa58/fast && /usr/bin/make -f CMakeFiles/cmTC_efa58.dir/build.make CMakeFiles/cmTC_efa58.dir/build
make[1]: Entering directory '/home/tusharc31/Desktop/CV/SENIOR/3d-reconstruction-from-accidental-motion/ceres-bin/CMakeFiles/CMakeTmp'
Building C object CMakeFiles/cmTC_efa58.dir/src.c.o
/usr/bin/cc   -DCMAKE_HAVE_LIBC_PTHREAD   -o CMakeFiles/cmTC_efa58.dir/src.c.o   -c /home/tusharc31/Desktop/CV/SENIOR/3d-reconstruction-from-accidental-motion/ceres-bin/CMakeFiles/CMakeTmp/src.c
Linking C executable cmTC_efa58
/usr/bin/cmake -E cmake_link_script CMakeFiles/cmTC_efa58.dir/link.txt --verbose=1
/usr/bin/cc  -DCMAKE_HAVE_LIBC_PTHREAD    -rdynamic CMakeFiles/cmTC_efa58.dir/src.c.o  -o cmTC_efa58 
/usr/bin/ld: CMakeFiles/cmTC_efa58.dir/src.c.o: in function `main':
src.c:(.text+0x46): undefined reference to `pthread_create'
/usr/bin/ld: src.c:(.text+0x52): undefined reference to `pthread_detach'
/usr/bin/ld: src.c:(.text+0x63): undefined reference to `pthread_join'
collect2: error: ld returned 1 exit status
make[1]: *** [CMakeFiles/cmTC_efa58.dir/build.make:87: cmTC_efa58] Error 1
make[1]: Leaving directory '/home/tusharc31/Desktop/CV/SENIOR/3d-reconstruction-from-accidental-motion/ceres-bin/CMakeFiles/CMakeTmp'
make: *** [Makefile:121: cmTC_efa58/fast] Error 2


Source file was:
#include <pthread.h>

void* test_func(void* data)
{
  return data;
}

int main(void)
{
  pthread_t thread;
  pthread_create(&thread, NULL, test_func, NULL);
  pthread_detach(thread);
  pthread_join(thread, NULL);
  pthread_atfork(NULL, NULL, NULL);
  pthread_exit(NULL);

  return 0;
}

Determining if the function pthread_create exists in the pthreads failed with the following output:
Change Dir: /home/tusharc31/Desktop/CV/SENIOR/3d-reconstruction-from-accidental-motion/ceres-bin/CMakeFiles/CMakeTmp

Run Build Command(s):/usr/bin/make cmTC_8e200/fast && /usr/bin/make -f CMakeFiles/cmTC_8e200.dir/build.make CMakeFiles/cmTC_8e200.dir/build
make[1]: Entering directory '/home/tusharc31/Desktop/CV/SENIOR/3d-reconstruction-from-accidental-motion/ceres-bin/CMakeFiles/CMakeTmp'
Building C object CMakeFiles/cmTC_8e200.dir/CheckFunctionExists.c.o
/usr/bin/cc   -DCHECK_FUNCTION_EXISTS=pthread_create   -o CMakeFiles/cmTC_8e200.dir/CheckFunctionExists.c.o   -c /usr/share/cmake-3.16/Modules/CheckFunctionExists.c
Linking C executable cmTC_8e200
/usr/bin/cmake -E cmake_link_script CMakeFiles/cmTC_8e200.dir/link.txt --verbose=1
/usr/bin/cc  -DCHECK_FUNCTION_EXISTS=pthread_create    -rdynamic CMakeFiles/cmTC_8e200.dir/CheckFunctionExists.c.o  -o cmTC_8e200  -lpthreads 
/usr/bin/ld: cannot find -lpthreads
collect2: error: ld returned 1 exit status
make[1]: *** [CMakeFiles/cmTC_8e200.dir/build.make:87: cmTC_8e200] Error 1
make[1]: Leaving directory '/home/tusharc31/Desktop/CV/SENIOR/3d-reconstruction-from-accidental-motion/ceres-bin/CMakeFiles/CMakeTmp'
make: *** [Makefile:121: cmTC_8e200/fast] Error 2



Determining if the function cheev_ exists failed with the following output:
Change Dir: /home/tusharc31/Desktop/CV/SENIOR/3d-reconstruction-from-accidental-motion/ceres-bin/CMakeFiles/CMakeTmp

Run Build Command(s):/usr/bin/make cmTC_e16e3/fast && /usr/bin/make -f CMakeFiles/cmTC_e16e3.dir/build.make CMakeFiles/cmTC_e16e3.dir/build
make[1]: Entering directory '/home/tusharc31/Desktop/CV/SENIOR/3d-reconstruction-from-accidental-motion/ceres-bin/CMakeFiles/CMakeTmp'
Building C object CMakeFiles/cmTC_e16e3.dir/CheckFunctionExists.c.o
/usr/bin/cc   -DCHECK_FUNCTION_EXISTS=cheev_   -o CMakeFiles/cmTC_e16e3.dir/CheckFunctionExists.c.o   -c /usr/share/cmake-3.16/Modules/CheckFunctionExists.c
Linking C executable cmTC_e16e3
/usr/bin/cmake -E cmake_link_script CMakeFiles/cmTC_e16e3.dir/link.txt --verbose=1
/usr/bin/cc  -DCHECK_FUNCTION_EXISTS=cheev_    -rdynamic CMakeFiles/cmTC_e16e3.dir/CheckFunctionExists.c.o  -o cmTC_e16e3  /usr/lib/x86_64-linux-gnu/libf77blas.so /usr/lib/x86_64-linux-gnu/libatlas.so 
/usr/bin/ld: CMakeFiles/cmTC_e16e3.dir/CheckFunctionExists.c.o: in function `main':
CheckFunctionExists.c:(.text+0x14): undefined reference to `cheev_'
collect2: error: ld returned 1 exit status
make[1]: *** [CMakeFiles/cmTC_e16e3.dir/build.make:89: cmTC_e16e3] Error 1
make[1]: Leaving directory '/home/tusharc31/Desktop/CV/SENIOR/3d-reconstruction-from-accidental-motion/ceres-bin/CMakeFiles/CMakeTmp'
make: *** [Makefile:121: cmTC_e16e3/fast] Error 2



